2023-11-18 01:50:09.095549: I tensorflow/core/platform/cpu_feature_guard.cc:193] This TensorFlow binary is optimized with oneAPI Deep Neural Network Library (oneDNN) to use the following CPU instructions in performance-critical operations:  AVX2 FMA
To enable them in other operations, rebuild TensorFlow with the appropriate compiler flags.
2023-11-18 01:50:09.278628: W tensorflow/compiler/xla/stream_executor/platform/default/dso_loader.cc:64] Could not load dynamic library 'libcudart.so.11.0'; dlerror: libcudart.so.11.0: cannot open shared object file: No such file or directory
2023-11-18 01:50:09.278669: I tensorflow/compiler/xla/stream_executor/cuda/cudart_stub.cc:29] Ignore above cudart dlerror if you do not have a GPU set up on your machine.
2023-11-18 01:50:10.035846: W tensorflow/compiler/xla/stream_executor/platform/default/dso_loader.cc:64] Could not load dynamic library 'libnvinfer.so.7'; dlerror: libnvinfer.so.7: cannot open shared object file: No such file or directory
2023-11-18 01:50:10.036156: W tensorflow/compiler/xla/stream_executor/platform/default/dso_loader.cc:64] Could not load dynamic library 'libnvinfer_plugin.so.7'; dlerror: libnvinfer_plugin.so.7: cannot open shared object file: No such file or directory
2023-11-18 01:50:10.036162: W tensorflow/compiler/tf2tensorrt/utils/py_utils.cc:38] TF-TRT Warning: Cannot dlopen some TensorRT libraries. If you would like to use Nvidia GPU with TensorRT, please make sure the missing libraries mentioned above are installed properly.
2023-11-18 01:50:37.917953: W tensorflow/compiler/xla/stream_executor/platform/default/dso_loader.cc:64] Could not load dynamic library 'libcuda.so.1'; dlerror: libcuda.so.1: cannot open shared object file: No such file or directory
2023-11-18 01:50:37.918113: W tensorflow/compiler/xla/stream_executor/cuda/cuda_driver.cc:265] failed call to cuInit: UNKNOWN ERROR (303)
2023-11-18 01:50:37.918139: I tensorflow/compiler/xla/stream_executor/cuda/cuda_diagnostics.cc:156] kernel driver does not appear to be running on this host (cn06): /proc/driver/nvidia/version does not exist
2023-11-18 01:50:37.918375: I tensorflow/core/platform/cpu_feature_guard.cc:193] This TensorFlow binary is optimized with oneAPI Deep Neural Network Library (oneDNN) to use the following CPU instructions in performance-critical operations:  AVX2 FMA
To enable them in other operations, rebuild TensorFlow with the appropriate compiler flags.
INFO:root:Performing 2 pilot runs with the anonymous model...
INFO:root:Shape of parameter batch after 2 pilot simulations: (batch_size = 2, 11)
INFO:root:Shape of simulation batch after 2 pilot simulations: (batch_size = 2, 63, 4)
INFO:root:No optional prior non-batchable context provided.
INFO:root:No optional prior batchable context provided.
INFO:root:No optional simulation non-batchable context provided.
INFO:root:No optional simulation batchable context provided.
INFO:root:You have chosen to extend an existing dataset.
WARNING:root:The presimulated dataset extension will take up 437.06499999999994 Mb of disk space.
INFO:root:Performing presimulation...
WARNING:root:The parameter you provided for extend_from does not match the actual number of files found in /storage/users/jonas/data/presimulations_pharma/. File numbering may now prove erroneous.
INFO:root:Generating 5 files of size 87.413 Mb containing 1000 batches each.
INFO:root:Presimulation extension complete. Generated 5 files.
84 pharmacokinetic_model
using 2 layers of MultiConv1D, a  LSTM with 256 units and a dense layer with output dimension 22 as summary network
using a 6-layer cINN as inference network with 2 layers of design affine
prior mean: [-5.   6.5  2.5  2.5  6.5  0.   6.5 -3.  -1.  -1.   0. ]
prior covariance diagonal: [4.5 1.  1.  1.  1.  1.  1.  4.5 2.  2.  1. ]
Using the PharmacokineticModel
amortizer-pharma-sequence-summary-LSTM-6layers-2coupling-affine-750epochs-2023-11-18_01-50
simulation time: 45.94565340429544 minutes
