08.03.2023 
11:37
;; 1. Based on: run029
;; 2. Description: CESAR CIV-001 EuroTARGET PKPD Sunitinib
;; x1. Author: user
$PROBLEM    CESAR CIV-boot_029 EuroTARGET PKPD Sunitinib model by YU
;           et al
;-----------------------------------------

;  UNITS                                  |

;  TIME - HOURS                           |

;  DOSE - UG                              |

;  CP  - NG/ML  -> UG/L                   |

;  LLOQ - 0.06 NG/ML                      |

;  CL - L/HOUR                            |

;  VOLUMES - L                            |

;------------------------------------------
$INPUT      C ID ETID=DROP DAT=DROP CTIME=DROP TRTW TIME AMT DOS
            DV=DROP LNDV=DV EVID MDV CMT TRTM F_LAG LOQS LOQSM LOQP
            STUDY CENTER AGE SEX WEIGHT HEIGHT BMI ALA ASA ALB ALKP
            CAL SCREA CRCL LDH BILI SMOKE CYP1 ABCR1 ABCR2 ABCR3
            VEGFA1 VEGFA2 VEGFA3 VEGFA4 KDR1 FLT1 FLT2 FLT3 IL8 HAPAB
            HAPVG BSA CYC
$DATA      ..\..\Suni_PK_final.csv IGNORE=C IGNORE(C.EQ.1)
            IGNORE(TRTM.EQ.2)
 ; Excluded Data records 
 ; Only Sunitinib patients 
$SUBROUTINE ADVAN6 TOL=4
$MODEL      NCOMP=5 COMP=(DEPOT,DEFDOSE) ; Dosing compartment
            COMP=(OBSLIV) ; Sunitinib central compartment
            COMP=(PERISUN) ; Sunitinib peripheral compartment
            COMP=(CENTRALM) ; SU12662 central compartment
            COMP=(PERIM) ; SU12662 peripheral compartment
$PK

WT = WEIGHT
IF(WEIGHT.EQ.-99.AND.SEX.EQ.1) WT = 83  ; ET Population mean - male
IF(WEIGHT.EQ.-99.AND.SEX.EQ.0) WT = 75  ; ET Population mean - female
ASCL   = (WT/70)**0.75
ASV    = WT/70

K12    = THETA(1)     
V2     = THETA(2)*ASV * EXP(ETA(1))
QH     = THETA(3)*ASCL
CLP    = THETA(4)*ASCL* EXP(ETA(3))
CLM    = THETA(5)*ASCL
V3     = THETA(6)*ASV * EXP(ETA(2))
Q34    = THETA(7)*ASCL 
V4     = THETA(8)*ASV 
FM     = THETA(9)      * EXP(ETA(4))
Q25    = THETA(10)*ASCL    
V5     = THETA(11)*ASV    

K34 = Q34/V3
K43 = Q34/V4
K25 = Q25/V2
K52 = Q25/V5

S2 = V2
S3 = V3

$DES
CLIV = (K12*A(1) + QH/V2*A(2))/(QH+CLP)

DADT(1) = -K12*A(1)
DADT(2) = QH*CLIV-QH/V2*A(2) - K25*A(2) + K52*A(5)
DADT(3) = FM*CLP*CLIV-CLM/V3*A(3)-K34*A(3) + K43*A(4)
DADT(4) = K34*A(3)-K43*A(4)
DADT(5) = K25*A(2) - K52*A(5)

$ERROR
TY = LOG(F)
IF(F.LT.0.001) TY = 0.001
IPRED = TY


IF (CMT.EQ.2) THEN 
W     = SQRT(THETA(12)**2) 
Y     = IPRED+W*EPS(1)
ENDIF
   
IF (CMT.EQ.3) THEN  
W     = SQRT(THETA(13)**2) 
Y     = IPRED+W*EPS(2)  
ENDIF
 
IRES = DV-IPRED
  DEL            = 0
  IF(W.EQ.0) DEL = 0.0001
  IWRES           = IRES/(W+DEL)

$THETA  (0,0.11352946) ; 1 = K12 – Absorption rate constant
 (0,2588.981063) ; 2 = V2 – Central volume of distribution of sunitinib
 80 FIX ; 3 = QH – Hepatic blood flow X
 (0,28.1906103) ; 4 = CLP – Clearance of sunitinib
 (0,18.998626) ; 5 = CLM – Clearance of SU12662
 (0,560.5070748) ; 6 = V3 – Central volume of distribution of SU12662
 (0,2.792258338) ; 7 = Q34 – Inter-compartmental clearance of SU12662
 (0,753.2993553) ; 8 = V4 – Peripheral volumes of distribution of SU12662
 0.21 FIX ; 9 = FM – Fraction of sunitinib converted to SU12662 X
 (0,0.346136576) ; 10 = Q25  Inter-compartmental clearance of Sunitinib
 588 FIX ; 11 = V5 – Peripheral volumes of distribution of Sunitinib X
 0.451778744 ; 12 =  Prop. Error Suni
 0.284341294 ; 13 = Prop. Error Metab
$OMEGA  BLOCK(4) FIX
 0.0621  ;   1 IIV V2
 0.0473 0.169  ;   2 IIV V3
 0 -0.0613 0.088  ;  3 IIV CLP
 0 0 -0.0421 0.113  ;   4 IIV FM
$SIGMA  1  FIX  ; Proportional error sunitinib
 1  FIX  ; Proportional error SU12662
$ESTIMATION SIG=2 SIGL=4 PRINT=1 METHOD=1 INTER MAXEVAL=9999 NOABORT
            MSFO=etspkfboot_029.msf
$COVARIANCE PRINT=E
$TABLE      ID TIME CMT TRTW IPRED IWRES IRES CWRES MDV NOPRINT
            ONEHEADER FILE=SDTABFboot_029.csv
;$TABLE ID TIME ETA1 ETA2 ETA3 ETA4 K12 V2 QH CLP FM WEIGHT CLM V2 V3 Q34 V4 V5 Q25 FM NOPRINT NOAPPEND ONEHEADER FILE=PATABFboot_029

  
NM-TRAN MESSAGES 
  
 WARNINGS AND ERRORS (IF ANY) FOR PROBLEM    1
             
 (WARNING  2) NM-TRAN INFERS THAT THE DATA ARE POPULATION.
             
 (WARNING  3) THERE MAY BE AN ERROR IN THE ABBREVIATED CODE. THE FOLLOWING
 ONE OR MORE RANDOM VARIABLES ARE DEFINED WITH "IF" STATEMENTS THAT DO NOT
 PROVIDE DEFINITIONS FOR BOTH THE "THEN" AND "ELSE" CASES. IF ALL
 CONDITIONS FAIL, THE VALUES OF THESE VARIABLES WILL BE ZERO.
  
   Y

  
License Registered to: University of Bonn
Expiration Date:    14 SEP 2023
Current Date:        8 MAR 2023
Days until program expires : 186
1NONLINEAR MIXED EFFECTS MODEL PROGRAM (NONMEM) VERSION 7.5.0
 ORIGINALLY DEVELOPED BY STUART BEAL, LEWIS SHEINER, AND ALISON BOECKMANN
 CURRENT DEVELOPERS ARE ROBERT BAUER, ICON DEVELOPMENT SOLUTIONS,
 AND ALISON BOECKMANN. IMPLEMENTATION, EFFICIENCY, AND STANDARDIZATION
 PERFORMED BY NOUS INFOSYSTEMS.

 PROBLEM NO.:         1
 CESAR CIV-boot_029 EuroTARGET PKPD Sunitinib model by YU
0DATA CHECKOUT RUN:              NO
 DATA SET LOCATED ON UNIT NO.:    2
 THIS UNIT TO BE REWOUND:        NO
 NO. OF DATA RECS IN DATA SET:     4438
 NO. OF DATA ITEMS IN DATA SET:  49
 ID DATA ITEM IS DATA ITEM NO.:   2
 DEP VARIABLE IS DATA ITEM NO.:   7
 MDV DATA ITEM IS DATA ITEM NO.:  9
0INDICES PASSED TO SUBROUTINE PRED:
   8   4   5   0   0   0  10   0   0   0   0
0LABELS FOR DATA ITEMS:
 C ID TRTW TIME AMT DOS LNDV EVID MDV CMT TRTM F_LAG LOQS LOQSM LOQP STUDY CENTER AGE SEX WEIGHT HEIGHT BMI ALA ASA ALB
 ALKP CAL SCREA CRCL LDH BILI SMOKE CYP1 ABCR1 ABCR2 ABCR3 VEGFA1 VEGFA2 VEGFA3 VEGFA4 KDR1 FLT1 FLT2 FLT3 IL8 HAPAB HAPVG
 BSA CYC
0(NONBLANK) LABELS FOR PRED-DEFINED ITEMS:
 IPRED IRES IWRES
0FORMAT FOR DATA:
 (9(5E13.0/),4E13.0)

 TOT. NO. OF OBS RECS:      606
 TOT. NO. OF INDIVIDUALS:       47
0LENGTH OF THETA:  13
0DEFAULT THETA BOUNDARY TEST OMITTED:    NO
0OMEGA HAS BLOCK FORM:
  1
  1  1
  1  1  1
  1  1  1  1
0DEFAULT OMEGA BOUNDARY TEST OMITTED:    NO
0SIGMA HAS SIMPLE DIAGONAL FORM WITH DIMENSION:   2
0DEFAULT SIGMA BOUNDARY TEST OMITTED:    NO
0INITIAL ESTIMATE OF THETA:
 LOWER BOUND    INITIAL EST    UPPER BOUND
  0.0000E+00     0.1135E+00     0.1000E+07
  0.0000E+00     0.2589E+04     0.1000E+07
  0.8000E+02     0.8000E+02     0.8000E+02
  0.0000E+00     0.2819E+02     0.1000E+07
  0.0000E+00     0.1900E+02     0.1000E+07
  0.0000E+00     0.5605E+03     0.1000E+07
  0.0000E+00     0.2792E+01     0.1000E+07
  0.0000E+00     0.7533E+03     0.1000E+07
  0.2100E+00     0.2100E+00     0.2100E+00
  0.0000E+00     0.3461E+00     0.1000E+07
  0.5880E+03     0.5880E+03     0.5880E+03
 -0.1000E+07     0.4518E+00     0.1000E+07
 -0.1000E+07     0.2843E+00     0.1000E+07
0INITIAL ESTIMATE OF OMEGA:
 BLOCK SET NO.   BLOCK                                                                    FIXED
        1                                                                                  YES
                  0.6210E-01
                  0.4730E-01   0.1690E+00
                  0.0000E+00  -0.6130E-01   0.8800E-01
                  0.0000E+00   0.0000E+00  -0.4210E-01   0.1130E+00
0INITIAL ESTIMATE OF SIGMA:
 0.1000E+01
 0.0000E+00   0.1000E+01
0SIGMA CONSTRAINED TO BE THIS INITIAL ESTIMATE
0COVARIANCE STEP OMITTED:        NO
 EIGENVLS. PRINTED:             YES
 SPECIAL COMPUTATION:            NO
 COMPRESSED FORMAT:              NO
 GRADIENT METHOD USED:     NOSLOW
 SIGDIGITS ETAHAT (SIGLO):                  -1
 SIGDIGITS GRADIENTS (SIGL):                -1
 EXCLUDE COV FOR FOCE (NOFCOV):              NO
 Cholesky Transposition of R Matrix (CHOLROFF):0
 KNUTHSUMOFF:                                -1
 RESUME COV ANALYSIS (RESUME):               NO
 SIR SAMPLE SIZE (SIRSAMPLE):
 NON-LINEARLY TRANSFORM THETAS DURING COV (THBND): 1
 PRECONDTIONING CYCLES (PRECOND):        0
 PRECONDTIONING TYPES (PRECONDS):        TOS
 FORCED PRECONDTIONING CYCLES (PFCOND):0
 PRECONDTIONING TYPE (PRETYPE):        0
 FORCED POS. DEFINITE SETTING DURING PRECONDITIONING: (FPOSDEF):0
 SIMPLE POS. DEFINITE SETTING: (POSDEF):-1
0TABLES STEP OMITTED:    NO
 NO. OF TABLES:           1
 SEED NUMBER (SEED):    11456
 RANMETHOD:             3U
 MC SAMPLES (ESAMPLE):    300
 WRES SQUARE ROOT TYPE (WRESCHOL): EIGENVALUE
0-- TABLE   1 --
0RECORDS ONLY:    ALL
04 COLUMNS APPENDED:    YES
 PRINTED:                NO
 HEADERS:               ONE
 FILE TO BE FORWARDED:   NO
 FORMAT:                S1PE11.4
 IDFORMAT:
 LFORMAT:
 RFORMAT:
 FIXED_EFFECT_ETAS:
0USER-CHOSEN ITEMS:
 ID TIME CMT TRTW IPRED IWRES IRES CWRES MDV
1DOUBLE PRECISION PREDPP VERSION 7.5.0

 GENERAL NONLINEAR KINETICS MODEL (DVERK1, ADVAN6)
0MODEL SUBROUTINE USER-SUPPLIED - ID NO. 9999
0MAXIMUM NO. OF BASIC PK PARAMETERS:  11
0COMPARTMENT ATTRIBUTES
 COMPT. NO.   FUNCTION   INITIAL    ON/OFF      DOSE      DEFAULT    DEFAULT
                         STATUS     ALLOWED    ALLOWED    FOR DOSE   FOR OBS.
    1         DEPOT        ON         YES        YES        YES        YES
    2         OBSLIV       ON         YES        YES        NO         NO
    3         PERISUN      ON         YES        YES        NO         NO
    4         CENTRALM     ON         YES        YES        NO         NO
    5         PERIM        ON         YES        YES        NO         NO
    6         OUTPUT       OFF        YES        NO         NO         NO
 INITIAL (BASE) TOLERANCE SETTINGS:
 NRD (RELATIVE) VALUE OF TOLERANCE:   4
 ANRD (ABSOLUTE) VALUE OF TOLERANCE:  12
1
 ADDITIONAL PK PARAMETERS - ASSIGNMENT OF ROWS IN GG
 COMPT. NO.                             INDICES
              SCALE      BIOAVAIL.   ZERO-ORDER  ZERO-ORDER  ABSORB
                         FRACTION    RATE        DURATION    LAG
    1            *           *           *           *           *
    2           12           *           *           *           *
    3           13           *           *           *           *
    4            *           *           *           *           *
    5            *           *           *           *           *
    6            *           -           -           -           -
             - PARAMETER IS NOT ALLOWED FOR THIS MODEL
             * PARAMETER IS NOT SUPPLIED BY PK SUBROUTINE;
               WILL DEFAULT TO ONE IF APPLICABLE
0DATA ITEM INDICES USED BY PRED ARE:
   EVENT ID DATA ITEM IS DATA ITEM NO.:      8
   TIME DATA ITEM IS DATA ITEM NO.:          4
   DOSE AMOUNT DATA ITEM IS DATA ITEM NO.:   5
   COMPT. NO. DATA ITEM IS DATA ITEM NO.:   10

0PK SUBROUTINE CALLED WITH EVERY EVENT RECORD.
 PK SUBROUTINE NOT CALLED AT NONEVENT (ADDITIONAL OR LAGGED) DOSE TIMES.
0ERROR SUBROUTINE CALLED WITH EVERY EVENT RECORD.
0DES SUBROUTINE USES COMPACT STORAGE MODE.
1


 #TBLN:      1
 #METH: First Order Conditional Estimation with Interaction

 ESTIMATION STEP OMITTED:                 NO
 ANALYSIS TYPE:                           POPULATION
 NUMBER OF SADDLE POINT RESET ITERATIONS:      0
 GRADIENT METHOD USED:               NOSLOW
 CONDITIONAL ESTIMATES USED:              YES
 CENTERED ETA:                            NO
 EPS-ETA INTERACTION:                     YES
 LAPLACIAN OBJ. FUNC.:                    NO
 NO. OF FUNCT. EVALS. ALLOWED:            9999
 NO. OF SIG. FIGURES REQUIRED:            2
 INTERMEDIATE PRINTOUT:                   YES
 ESTIMATE OUTPUT TO MSF:                  YES
 ABORT WITH PRED EXIT CODE 1:             NO
 IND. OBJ. FUNC. VALUES SORTED:           NO
 NUMERICAL DERIVATIVE
       FILE REQUEST (NUMDER):               NONE
 MAP (ETAHAT) ESTIMATION METHOD (OPTMAP):   0
 ETA HESSIAN EVALUATION METHOD (ETADER):    0
 INITIAL ETA FOR MAP ESTIMATION (MCETA):    0
 SIGDIGITS FOR MAP ESTIMATION (SIGLO):      4
 GRADIENT SIGDIGITS OF
       FIXED EFFECTS PARAMETERS (SIGL):     4
 NOPRIOR SETTING (NOPRIOR):                 0
 NOCOV SETTING (NOCOV):                     OFF
 DERCONT SETTING (DERCONT):                 OFF
 FINAL ETA RE-EVALUATION (FNLETA):          1
 EXCLUDE NON-INFLUENTIAL (NON-INFL.) ETAS
       IN SHRINKAGE (ETASTYPE):             NO
 NON-INFL. ETA CORRECTION (NONINFETA):      0
 RAW OUTPUT FILE (FILE): psn.ext
 EXCLUDE TITLE (NOTITLE):                   NO
 EXCLUDE COLUMN LABELS (NOLABEL):           NO
 FORMAT FOR ADDITIONAL FILES (FORMAT):      S1PE12.5
 PARAMETER ORDER FOR OUTPUTS (ORDER):       TSOL
 KNUTHSUMOFF:                               0
 INCLUDE LNTWOPI:                           NO
 INCLUDE CONSTANT TERM TO PRIOR (PRIORC):   NO
 INCLUDE CONSTANT TERM TO OMEGA (ETA) (OLNTWOPI):NO
 ADDITIONAL CONVERGENCE TEST (CTYPE=4)?:    NO
 EM OR BAYESIAN METHOD USED:                 NONE

 TOLERANCES FOR ESTIMATION/EVALUATION STEP:
 NRD (RELATIVE) VALUE OF TOLERANCE:   4
 ANRD (ABSOLUTE) VALUE OF TOLERANCE:  12
 TOLERANCES FOR COVARIANCE STEP:
 NRD (RELATIVE) VALUE OF TOLERANCE:   4
 ANRD (ABSOLUTE) VALUE OF TOLERANCE:  12
 TOLERANCES FOR TABLE/SCATTER STEP:
 NRD (RELATIVE) VALUE OF TOLERANCE:   4
 ANRD (ABSOLUTE) VALUE OF TOLERANCE:  12

 THE FOLLOWING LABELS ARE EQUIVALENT
 PRED=PREDI
 RES=RESI
 WRES=WRESI
 IWRS=IWRESI
 IPRD=IPREDI
 IRS=IRESI

 MONITORING OF SEARCH:


0ITERATION NO.:    0    OBJECTIVE VALUE:  -350.090430840703        NO. OF FUNC. EVALS.:  12
 CUMULATIVE NO. OF FUNC. EVALS.:       12
 NPARAMETR:  1.1353E-01  2.5890E+03  2.8191E+01  1.8999E+01  5.6051E+02  2.7923E+00  7.5330E+02  3.4614E-01  4.5178E-01  2.8434E-01

 PARAMETER:  1.0000E-01  1.0000E-01  1.0000E-01  1.0000E-01  1.0000E-01  1.0000E-01  1.0000E-01  1.0000E-01  1.0000E-01  1.0000E-01

 GRADIENT:   4.3863E+00  3.4563E+02 -3.1757E+02  3.9146E+02 -9.7511E+01 -5.1665E+01 -2.0471E+01  4.0683E+01  8.2694E+02 -3.9539E+02


0ITERATION NO.:    1    OBJECTIVE VALUE:  -361.770301519538        NO. OF FUNC. EVALS.:  16
 CUMULATIVE NO. OF FUNC. EVALS.:       28
 NPARAMETR:  1.1352E-01  2.5698E+03  2.8384E+01  1.8839E+01  5.6168E+02  2.7954E+00  7.5363E+02  3.4583E-01  3.7146E-01  3.0851E-01

 PARAMETER:  9.9906E-02  9.2569E-02  1.0683E-01  9.1584E-02  1.0210E-01  1.0111E-01  1.0044E-01  9.9125E-02  8.2222E-02  1.0850E-01

 GRADIENT:  -7.2942E+00  3.7742E+02 -3.1128E+02  3.8721E+02 -9.5408E+01 -5.5561E+01 -2.6772E+01  3.9566E+01 -6.9660E+02  1.8481E+02


0ITERATION NO.:    2    OBJECTIVE VALUE:  -369.143123064903        NO. OF FUNC. EVALS.:  14
 CUMULATIVE NO. OF FUNC. EVALS.:       42
 NPARAMETR:  1.1354E-01  2.5476E+03  2.8587E+01  1.8673E+01  5.6292E+02  2.7989E+00  7.5409E+02  3.4552E-01  4.4376E-01  2.9644E-01

 PARAMETER:  1.0007E-01  8.3899E-02  1.1398E-01  8.2689E-02  1.0429E-01  1.0239E-01  1.0106E-01  9.8216E-02  9.8224E-02  1.0425E-01

 GRADIENT:   8.2745E-01  3.3051E+02 -2.9105E+02  3.4670E+02 -8.8593E+01 -4.7541E+01 -1.3836E+01  3.7028E+01  8.3680E+02  2.0246E+01


0ITERATION NO.:    3    OBJECTIVE VALUE:  -369.173337534647        NO. OF FUNC. EVALS.:  13
 CUMULATIVE NO. OF FUNC. EVALS.:       55
 NPARAMETR:  1.1367E-01  2.2602E+03  3.1648E+01  1.6494E+01  5.8068E+02  2.8482E+00  7.5935E+02  3.4108E-01  3.8758E-01  1.9472E-01

 PARAMETER:  1.0122E-01 -3.5801E-02  2.1568E-01 -4.1344E-02  1.3536E-01  1.1983E-01  1.0800E-01  8.5284E-02  8.5789E-02  6.8480E-02

 GRADIENT:   8.6239E-01  2.3069E+02 -1.2334E+02  8.8127E+00 -7.1620E+01 -1.8247E+01  1.4109E+02  2.7438E+01  1.9064E+02 -7.2204E+03


0ITERATION NO.:    4    OBJECTIVE VALUE:  -420.013661976493        NO. OF FUNC. EVALS.:  13
 CUMULATIVE NO. OF FUNC. EVALS.:       68
 NPARAMETR:  1.1379E-01  2.0300E+03  3.4655E+01  1.4777E+01  5.9713E+02  2.8929E+00  7.6344E+02  3.3714E-01  3.5760E-01  2.2194E-01

 PARAMETER:  1.0226E-01 -1.4321E-01  3.0644E-01 -1.5127E-01  1.6329E-01  1.3539E-01  1.1337E-01  7.3675E-02  7.9153E-02  7.8053E-02

 GRADIENT:  -1.7996E+01  7.8703E+01  1.0676E+02 -3.7460E+02  3.3956E+01  3.8760E+01  1.9241E+02 -1.7428E+01 -4.2079E+02 -4.1921E+03


0ITERATION NO.:    5    OBJECTIVE VALUE:  -440.094755786489        NO. OF FUNC. EVALS.:  13
 CUMULATIVE NO. OF FUNC. EVALS.:       81
 NPARAMETR:  1.1590E-01  1.6376E+03  3.6736E+01  1.6256E+01  5.9527E+02  2.8638E+00  6.9226E+02  3.3819E-01  3.3852E-01  2.1661E-01

 PARAMETER:  1.2067E-01 -3.5801E-01  3.6477E-01 -5.5884E-02  1.6018E-01  1.2530E-01  1.5499E-02  7.6783E-02  7.4930E-02  7.6180E-02

 GRADIENT:  -7.3303E+00 -9.4729E+01  1.5219E+02 -1.6685E+02  1.1666E+01  6.0418E-01  1.0114E+02 -3.2713E+01 -1.0361E+03 -4.0443E+03


0ITERATION NO.:    6    OBJECTIVE VALUE:  -441.162261954976        NO. OF FUNC. EVALS.:  13
 CUMULATIVE NO. OF FUNC. EVALS.:       94
 NPARAMETR:  1.1705E-01  1.6077E+03  3.5428E+01  1.5879E+01  5.9684E+02  2.9177E+00  6.6081E+02  3.4935E-01  3.3648E-01  2.1560E-01

 PARAMETER:  1.3052E-01 -3.7646E-01  3.2850E-01 -7.9398E-02  1.6280E-01  1.4394E-01 -3.0998E-02  1.0924E-01  7.4478E-02  7.5823E-02

 GRADIENT:  -6.0495E+00 -1.0514E+02  1.2615E+02 -1.7359E+02  1.6141E+01  3.1796E+00  9.2638E+01 -2.7870E+01 -1.1091E+03 -4.1089E+03


0ITERATION NO.:    7    OBJECTIVE VALUE:  -443.287838466309        NO. OF FUNC. EVALS.:  13
 CUMULATIVE NO. OF FUNC. EVALS.:      107
 NPARAMETR:  1.1960E-01  1.6508E+03  3.6803E+01  1.5615E+01  5.8133E+02  3.0342E+00  6.0213E+02  3.7661E-01  3.3891E-01  2.1392E-01

 PARAMETER:  1.5206E-01 -3.5001E-01  3.6658E-01 -9.6122E-02  1.3647E-01  1.8310E-01 -1.2399E-01  1.8438E-01  7.5017E-02  7.5235E-02

 GRADIENT:  -4.0754E+00 -8.1151E+01  1.5199E+02 -1.3982E+02  5.6488E+00  1.1273E+01  4.4438E+01 -1.3389E+01 -9.8836E+02 -4.1447E+03


0ITERATION NO.:    8    OBJECTIVE VALUE:  -444.154036390591        NO. OF FUNC. EVALS.:  14
 CUMULATIVE NO. OF FUNC. EVALS.:      121
 NPARAMETR:  1.2257E-01  1.6361E+03  3.6859E+01  1.5576E+01  5.6079E+02  3.0499E+00  6.1309E+02  3.9544E-01  3.3752E-01  2.1609E-01

 PARAMETER:  1.7662E-01 -3.5894E-01  3.6810E-01 -9.8654E-02  1.0051E-01  1.8826E-01 -1.0595E-01  2.3315E-01  7.4709E-02  7.5998E-02

 GRADIENT:   3.7175E+00 -8.0493E+01  1.4463E+02 -1.3242E+02 -6.9206E+00  6.1814E+00  5.3737E+01 -5.4280E-01 -1.0461E+03 -3.9586E+03


0ITERATION NO.:    9    OBJECTIVE VALUE:  -462.389415114865        NO. OF FUNC. EVALS.:  13
 CUMULATIVE NO. OF FUNC. EVALS.:      134
 NPARAMETR:  1.1524E-01  1.6170E+03  3.5594E+01  1.7008E+01  5.9182E+02  4.1029E+00  6.7275E+02  4.0424E-01  3.4576E-01  2.2753E-01

 PARAMETER:  1.1497E-01 -3.7068E-01  3.3319E-01 -1.0672E-02  1.5436E-01  4.8484E-01 -1.3087E-02  2.5518E-01  7.6534E-02  8.0020E-02

 GRADIENT:  -1.0784E-01 -6.3260E+01  6.6684E+01  2.2169E+00 -1.7860E+01  2.8387E+01 -1.8806E+00  5.0208E+00 -7.1479E+02 -2.9542E+03


0ITERATION NO.:   10    OBJECTIVE VALUE:  -486.371988567704        NO. OF FUNC. EVALS.:  13
 CUMULATIVE NO. OF FUNC. EVALS.:      147
 NPARAMETR:  1.1640E-01  1.7156E+03  3.4206E+01  1.6528E+01  6.8839E+02  2.9840E+00  6.2944E+02  4.0826E-01  3.6992E-01  2.4161E-01

 PARAMETER:  1.2496E-01 -3.1150E-01  2.9340E-01 -3.9307E-02  3.0552E-01  1.6642E-01 -7.9634E-02  2.6506E-01  8.1881E-02  8.4971E-02

 GRADIENT:  -9.9757E+00 -2.6462E+01  3.1690E+01 -2.8483E+01  6.1795E+00 -2.2246E-01  2.5971E+01  1.4053E+01  1.4658E+02 -1.7920E+03


0ITERATION NO.:   11    OBJECTIVE VALUE:  -488.729993120993        NO. OF FUNC. EVALS.:  13
 CUMULATIVE NO. OF FUNC. EVALS.:      160
 NPARAMETR:  1.4040E-01  1.7727E+03  3.2821E+01  1.5588E+01  6.1391E+02  2.7809E+00  5.7978E+02  3.3051E-01  3.7448E-01  2.4777E-01

 PARAMETER:  3.1240E-01 -2.7878E-01  2.5208E-01 -9.7875E-02  1.9100E-01  9.5909E-02 -1.6182E-01  5.3811E-02  8.2891E-02  8.7140E-02

 GRADIENT:   1.2420E+01 -9.9760E+00  5.5184E+00 -1.3301E+01 -2.3208E+01  2.0635E+00  6.3344E+00 -1.6620E+01  2.7509E+02 -1.3717E+03


0ITERATION NO.:   12    OBJECTIVE VALUE:  -489.325577547321        NO. OF FUNC. EVALS.:  13
 CUMULATIVE NO. OF FUNC. EVALS.:      173
 NPARAMETR:  1.5984E-01  1.8027E+03  3.3132E+01  1.5959E+01  6.8067E+02  2.8140E+00  5.8890E+02  3.3258E-01  3.7222E-01  2.4783E-01

 PARAMETER:  4.4213E-01 -2.6198E-01  2.6151E-01 -7.4359E-02  2.9424E-01  1.0774E-01 -1.4621E-01  6.0039E-02  8.2390E-02  8.7159E-02

 GRADIENT:   2.1649E+01 -7.4880E+00  1.4971E+01 -2.4607E+01 -6.9725E+00  5.9536E+00  1.3686E+01 -1.6869E+01  2.1681E+02 -1.3779E+03


0ITERATION NO.:   13    OBJECTIVE VALUE:  -497.678698352425        NO. OF FUNC. EVALS.:  15
 CUMULATIVE NO. OF FUNC. EVALS.:      188
 NPARAMETR:  1.3669E-01  1.8176E+03  3.2854E+01  1.6028E+01  6.9762E+02  2.7289E+00  5.8594E+02  3.5501E-01  3.6454E-01  2.6100E-01

 PARAMETER:  2.8565E-01 -2.5375E-01  2.5307E-01 -7.0026E-02  3.1883E-01  7.7044E-02 -1.5124E-01  1.2531E-01  8.0690E-02  9.1790E-02

 GRADIENT:   4.1390E+00  1.1822E+01 -3.2120E+00 -6.9591E+00 -3.9613E+00  6.7823E-01  6.5553E+00 -4.9256E+00  1.4093E+01 -6.9721E+02


0ITERATION NO.:   14    OBJECTIVE VALUE:  -500.191408728433        NO. OF FUNC. EVALS.:  13
 CUMULATIVE NO. OF FUNC. EVALS.:      201
 NPARAMETR:  1.2964E-01  1.7859E+03  3.2934E+01  1.6169E+01  7.1387E+02  2.7235E+00  5.8620E+02  3.7255E-01  3.6421E-01  2.7317E-01

 PARAMETER:  2.3271E-01 -2.7133E-01  2.5550E-01 -6.1242E-02  3.4185E-01  7.5074E-02 -1.5080E-01  1.7354E-01  8.0617E-02  9.6069E-02

 GRADIENT:  -1.9185E+00  2.3219E+00 -3.0746E+00 -1.7157E+00  8.8962E-01 -4.9617E-01  2.7889E+00  1.8770E+00  1.5009E+01 -2.1550E+02


0ITERATION NO.:   15    OBJECTIVE VALUE:  -500.627173227157        NO. OF FUNC. EVALS.:  13
 CUMULATIVE NO. OF FUNC. EVALS.:      214
 NPARAMETR:  1.3326E-01  1.7839E+03  3.3061E+01  1.6179E+01  7.1681E+02  2.7006E+00  5.8017E+02  3.6818E-01  3.6283E-01  2.8325E-01

 PARAMETER:  2.6022E-01 -2.7244E-01  2.5936E-01 -6.0671E-02  3.4597E-01  6.6608E-02 -1.6114E-01  1.6173E-01  8.0311E-02  9.9616E-02

 GRADIENT:   7.5630E-01 -4.6390E-01  1.3137E+00  1.5291E+00  1.7178E-01 -9.9444E-02 -1.2059E+00 -1.0041E+00 -2.1686E+01  1.2055E+02


0ITERATION NO.:   16    OBJECTIVE VALUE:  -500.644721035019        NO. OF FUNC. EVALS.:  13
 CUMULATIVE NO. OF FUNC. EVALS.:      227
 NPARAMETR:  1.3262E-01  1.7835E+03  3.3038E+01  1.6170E+01  7.1516E+02  2.7074E+00  5.8109E+02  3.6900E-01  3.6324E-01  2.8144E-01

 PARAMETER:  2.5540E-01 -2.7269E-01  2.5866E-01 -6.1189E-02  3.4367E-01  6.9141E-02 -1.5955E-01  1.6396E-01  8.0401E-02  9.8981E-02

 GRADIENT:   3.7752E-01 -2.8528E-01  6.2977E-01  8.2381E-01  1.1089E-01 -8.3468E-02 -6.3484E-01 -4.9874E-01 -9.8174E+00  6.4505E+01


0ITERATION NO.:   17    OBJECTIVE VALUE:  -500.644721035019        NO. OF FUNC. EVALS.:  32
 CUMULATIVE NO. OF FUNC. EVALS.:      259
 NPARAMETR:  1.3262E-01  1.7835E+03  3.3038E+01  1.6170E+01  7.1516E+02  2.7074E+00  5.8109E+02  3.6900E-01  3.6324E-01  2.8144E-01

 PARAMETER:  2.5540E-01 -2.7269E-01  2.5866E-01 -6.1189E-02  3.4367E-01  6.9141E-02 -1.5955E-01  1.6396E-01  8.0401E-02  9.8981E-02

 GRADIENT:   1.0116E-01 -1.1430E+01 -1.6109E+01 -4.9580E+00 -1.4501E+00 -1.5612E-01 -1.1404E+00 -9.0079E-01 -1.0521E+02  2.4862E+00


0ITERATION NO.:   18    OBJECTIVE VALUE:  -501.048344175799        NO. OF FUNC. EVALS.:  34
 CUMULATIVE NO. OF FUNC. EVALS.:      293
 NPARAMETR:  1.3329E-01  1.8084E+03  3.3693E+01  1.6398E+01  7.2623E+02  2.7269E+00  5.8878E+02  3.7086E-01  3.6582E-01  2.8127E-01

 PARAMETER:  2.6047E-01 -2.5884E-01  2.7831E-01 -4.7185E-02  3.5902E-01  7.6300E-02 -1.4640E-01  1.6899E-01  8.0973E-02  9.8922E-02

 GRADIENT:   1.1111E-01 -2.5748E+00 -4.6240E+00 -1.5866E-01 -7.6746E-01 -3.6622E-01 -4.2734E-01 -5.7383E-02 -2.6177E+01 -7.0342E-01


0ITERATION NO.:   19    OBJECTIVE VALUE:  -501.077054745250        NO. OF FUNC. EVALS.:  32
 CUMULATIVE NO. OF FUNC. EVALS.:      325
 NPARAMETR:  1.3342E-01  1.8163E+03  3.3926E+01  1.6477E+01  7.3014E+02  2.7420E+00  5.9175E+02  3.7153E-01  3.6667E-01  2.8127E-01

 PARAMETER:  2.6143E-01 -2.5447E-01  2.8520E-01 -4.2385E-02  3.6439E-01  8.1830E-02 -1.4138E-01  1.7080E-01  8.1161E-02  9.8920E-02

 GRADIENT:   3.9141E-02  1.1382E-02 -1.8301E-01  4.7666E-01 -1.4123E-01 -1.3290E-01 -1.1085E-01  8.5371E-02 -1.3345E+00 -4.7545E-01


0ITERATION NO.:   20    OBJECTIVE VALUE:  -501.077184213473        NO. OF FUNC. EVALS.:  32
 CUMULATIVE NO. OF FUNC. EVALS.:      357
 NPARAMETR:  1.3338E-01  1.8164E+03  3.3929E+01  1.6478E+01  7.3009E+02  2.7450E+00  5.9194E+02  3.7149E-01  3.6671E-01  2.8128E-01

 PARAMETER:  2.6113E-01 -2.5443E-01  2.8528E-01 -4.2343E-02  3.6433E-01  8.2932E-02 -1.4105E-01  1.7068E-01  8.1170E-02  9.8923E-02

 GRADIENT:   1.0428E-02  1.3456E-03 -2.6900E-02  1.9310E-01 -4.3787E-02 -4.0929E-02 -6.5789E-02  2.6795E-02 -7.9737E-02 -2.8720E-01


0ITERATION NO.:   21    OBJECTIVE VALUE:  -501.077184213473        NO. OF FUNC. EVALS.:  20
 CUMULATIVE NO. OF FUNC. EVALS.:      377
 NPARAMETR:  1.3338E-01  1.8164E+03  3.3929E+01  1.6478E+01  7.3009E+02  2.7450E+00  5.9194E+02  3.7149E-01  3.6671E-01  2.8128E-01

 PARAMETER:  2.6113E-01 -2.5443E-01  2.8528E-01 -4.2343E-02  3.6433E-01  8.2932E-02 -1.4105E-01  1.7068E-01  8.1170E-02  9.8923E-02

 GRADIENT:   1.0428E-02  1.3456E-03 -2.6900E-02  1.9310E-01 -4.3787E-02 -4.0929E-02 -6.5789E-02  2.6795E-02 -7.9737E-02 -2.8720E-01


 #TERM:
0MINIMIZATION SUCCESSFUL
 NO. OF FUNCTION EVALUATIONS USED:      377
 NO. OF SIG. DIGITS IN FINAL EST.:  2.2

 ETABAR IS THE ARITHMETIC MEAN OF THE ETA-ESTIMATES,
 AND THE P-VALUE IS GIVEN FOR THE NULL HYPOTHESIS THAT THE TRUE MEAN IS 0.

 ETABAR:         8.8430E-04  1.3126E-02  5.6066E-04 -1.0239E-03
 SE:             2.7753E-02  4.5764E-02  3.8901E-02  4.4725E-02
 N:                      47          47          47          47

 P VAL.:         9.7458E-01  7.7425E-01  9.8850E-01  9.8174E-01

 ETASHRINKSD(%)  2.2823E+01  2.2856E+01  9.1258E+00  7.8011E+00
 ETASHRINKVR(%)  4.0437E+01  4.0488E+01  1.7419E+01  1.4994E+01
 EBVSHRINKSD(%)  2.3637E+01  1.9829E+01  1.2280E+01  8.8130E+00
 EBVSHRINKVR(%)  4.1687E+01  3.5725E+01  2.3051E+01  1.6849E+01
 RELATIVEINF(%)  4.6170E+01  2.9537E+01  6.5996E+01  8.1359E+01
 EPSSHRINKSD(%)  9.2803E+00  1.0696E+01
 EPSSHRINKVR(%)  1.7699E+01  2.0247E+01

  
 TOTAL DATA POINTS NORMALLY DISTRIBUTED (N):          606
 N*LOG(2PI) CONSTANT TO OBJECTIVE FUNCTION:    1113.7535022440634     
 OBJECTIVE FUNCTION VALUE WITHOUT CONSTANT:   -501.07718421347261     
 OBJECTIVE FUNCTION VALUE WITH CONSTANT:       612.67631803059078     
 REPORTED OBJECTIVE FUNCTION DOES NOT CONTAIN CONSTANT
  
 TOTAL EFFECTIVE ETAS (NIND*NETA):                           188
  
 #TERE:
 Elapsed estimation  time in seconds:   136.07
 Elapsed covariance  time in seconds:   121.54
 Elapsed postprocess time in seconds:     0.87
1
 
 
 
 
 
 
 
 
 
 
 
 
 
 
 
 
 
 
 
 
 ************************************************************************************************************************
 ********************                                                                                ********************
 ********************               FIRST ORDER CONDITIONAL ESTIMATION WITH INTERACTION              ********************
 #OBJT:**************                       MINIMUM VALUE OF OBJECTIVE FUNCTION                      ********************
 ********************                                                                                ********************
 ************************************************************************************************************************
 





 #OBJV:********************************************     -501.077       **************************************************
1
 ************************************************************************************************************************
 ********************                                                                                ********************
 ********************               FIRST ORDER CONDITIONAL ESTIMATION WITH INTERACTION              ********************
 ********************                             FINAL PARAMETER ESTIMATE                           ********************
 ********************                                                                                ********************
 ************************************************************************************************************************
 


 THETA - VECTOR OF FIXED EFFECTS PARAMETERS   *********


         TH 1      TH 2      TH 3      TH 4      TH 5      TH 6      TH 7      TH 8      TH 9      TH10      TH11      TH12     
          TH13     
 
         1.33E-01  1.82E+03  8.00E+01  3.39E+01  1.65E+01  7.30E+02  2.75E+00  5.92E+02  2.10E-01  3.71E-01  5.88E+02  3.67E-01
          2.81E-01
 


 OMEGA - COV MATRIX FOR RANDOM EFFECTS - ETAS  ********


         ETA1      ETA2      ETA3      ETA4     
 
 ETA1
+        6.21E-02
 
 ETA2
+        4.73E-02  1.69E-01
 
 ETA3
+        0.00E+00 -6.13E-02  8.80E-02
 
 ETA4
+        0.00E+00  0.00E+00 -4.21E-02  1.13E-01
 


 SIGMA - COV MATRIX FOR RANDOM EFFECTS - EPSILONS  ****


         EPS1      EPS2     
 
 EPS1
+        1.00E+00
 
 EPS2
+        0.00E+00  1.00E+00
 
1


 OMEGA - CORR MATRIX FOR RANDOM EFFECTS - ETAS  *******


         ETA1      ETA2      ETA3      ETA4     
 
 ETA1
+        2.49E-01
 
 ETA2
+        4.62E-01  4.11E-01
 
 ETA3
+        0.00E+00 -5.03E-01  2.97E-01
 
 ETA4
+        0.00E+00  0.00E+00 -4.22E-01  3.36E-01
 


 SIGMA - CORR MATRIX FOR RANDOM EFFECTS - EPSILONS  ***


         EPS1      EPS2     
 
 EPS1
+        1.00E+00
 
 EPS2
+        0.00E+00  1.00E+00
 
1
 ************************************************************************************************************************
 ********************                                                                                ********************
 ********************               FIRST ORDER CONDITIONAL ESTIMATION WITH INTERACTION              ********************
 ********************                            STANDARD ERROR OF ESTIMATE                          ********************
 ********************                                                                                ********************
 ************************************************************************************************************************
 


 THETA - VECTOR OF FIXED EFFECTS PARAMETERS   *********


         TH 1      TH 2      TH 3      TH 4      TH 5      TH 6      TH 7      TH 8      TH 9      TH10      TH11      TH12     
          TH13     
 
         3.41E-02  1.15E+02 .........  1.95E+00  9.00E-01  8.40E+01  5.51E-01  8.03E+01 .........  5.98E-02 .........  4.86E-02
          2.76E-02
 


 OMEGA - COV MATRIX FOR RANDOM EFFECTS - ETAS  ********


         ETA1      ETA2      ETA3      ETA4     
 
 ETA1
+       .........
 
 ETA2
+       ......... .........
 
 ETA3
+       ......... ......... .........
 
 ETA4
+       ......... ......... ......... .........
 


 SIGMA - COV MATRIX FOR RANDOM EFFECTS - EPSILONS  ****


         EPS1      EPS2     
 
 EPS1
+       .........
 
 EPS2
+       ......... .........
 
1


 OMEGA - CORR MATRIX FOR RANDOM EFFECTS - ETAS  *******


         ETA1      ETA2      ETA3      ETA4     
 
 ETA1
+       .........
 
 ETA2
+       ......... .........
 
 ETA3
+       ......... ......... .........
 
 ETA4
+       ......... ......... ......... .........
 


 SIGMA - CORR MATRIX FOR RANDOM EFFECTS - EPSILONS  ***


         EPS1      EPS2     
 
 EPS1
+       .........
 
 EPS2
+       ......... .........
 
1
 ************************************************************************************************************************
 ********************                                                                                ********************
 ********************               FIRST ORDER CONDITIONAL ESTIMATION WITH INTERACTION              ********************
 ********************                          COVARIANCE MATRIX OF ESTIMATE                         ********************
 ********************                                                                                ********************
 ************************************************************************************************************************
 

            TH 1      TH 2      TH 3      TH 4      TH 5      TH 6      TH 7      TH 8      TH 9      TH10      TH11      TH12  
             TH13      OM11      OM12      OM13      OM14      OM22      OM23      OM24      OM33      OM34      OM44      SG11  
            SG12      SG22  
 
 TH 1
+        1.16E-03
 
 TH 2
+        2.02E+00  1.31E+04
 
 TH 3
+       ......... ......... .........
 
 TH 4
+       -2.14E-02  2.46E+01 .........  3.81E+00
 
 TH 5
+       -2.99E-03  7.14E+00 .........  7.24E-01  8.10E-01
 
 TH 6
+        7.41E-02 -4.86E+02 ......... -1.12E+01  2.15E+01  7.06E+03
 
 TH 7
+        8.61E-03  3.13E+01 ......... -6.44E-02  1.47E-01 -1.95E+01  3.03E-01
 
 TH 8
+        5.92E-01  3.03E+03 .........  1.90E+01  4.10E+01 -1.18E+03  3.09E+01  6.45E+03
 
 TH 9
+       ......... ......... ......... ......... ......... ......... ......... ......... .........
 
 TH10
+       -8.19E-04 -3.55E+00 .........  3.81E-02  7.93E-03 -1.88E-01 -6.91E-03  1.74E-01 .........  3.57E-03
 
 TH11
+       ......... ......... ......... ......... ......... ......... ......... ......... ......... ......... .........
 
 TH12
+       -7.59E-05  1.95E+00 .........  3.71E-02 -2.40E-03 -1.71E+00  3.95E-03  1.59E-02 ......... -2.52E-04 .........  2.37E-03
 
 TH13
+       -4.46E-04 -3.55E-01 .........  2.43E-02  1.21E-03 -6.04E-02 -6.53E-03 -3.94E-01 .........  2.53E-04 .........  8.09E-04
          7.63E-04
 
 OM11
+       ......... ......... ......... ......... ......... ......... ......... ......... ......... ......... ......... .........
         ......... .........
 
 OM12
+       ......... ......... ......... ......... ......... ......... ......... ......... ......... ......... ......... .........
         ......... ......... .........
 
 OM13
+       ......... ......... ......... ......... ......... ......... ......... ......... ......... ......... ......... .........
         ......... ......... ......... .........
 
 OM14
+       ......... ......... ......... ......... ......... ......... ......... ......... ......... ......... ......... .........
         ......... ......... ......... ......... .........
 
 OM22
+       ......... ......... ......... ......... ......... ......... ......... ......... ......... ......... ......... .........
         ......... ......... ......... ......... ......... .........
 
 OM23
+       ......... ......... ......... ......... ......... ......... ......... ......... ......... ......... ......... .........
         ......... ......... ......... ......... ......... ......... .........
 
1

            TH 1      TH 2      TH 3      TH 4      TH 5      TH 6      TH 7      TH 8      TH 9      TH10      TH11      TH12  
             TH13      OM11      OM12      OM13      OM14      OM22      OM23      OM24      OM33      OM34      OM44      SG11  
            SG12      SG22  
 
 OM24
+       ......... ......... ......... ......... ......... ......... ......... ......... ......... ......... ......... .........
         ......... ......... ......... ......... ......... ......... ......... .........
 
 OM33
+       ......... ......... ......... ......... ......... ......... ......... ......... ......... ......... ......... .........
         ......... ......... ......... ......... ......... ......... ......... ......... .........
 
 OM34
+       ......... ......... ......... ......... ......... ......... ......... ......... ......... ......... ......... .........
         ......... ......... ......... ......... ......... ......... ......... ......... ......... .........
 
 OM44
+       ......... ......... ......... ......... ......... ......... ......... ......... ......... ......... ......... .........
         ......... ......... ......... ......... ......... ......... ......... ......... ......... ......... .........
 
 SG11
+       ......... ......... ......... ......... ......... ......... ......... ......... ......... ......... ......... .........
         ......... ......... ......... ......... ......... ......... ......... ......... ......... ......... ......... .........
 
 SG12
+       ......... ......... ......... ......... ......... ......... ......... ......... ......... ......... ......... .........
         ......... ......... ......... ......... ......... ......... ......... ......... ......... ......... ......... .........
        .........
 
 SG22
+       ......... ......... ......... ......... ......... ......... ......... ......... ......... ......... ......... .........
         ......... ......... ......... ......... ......... ......... ......... ......... ......... ......... ......... .........
        ......... .........
 
1
 ************************************************************************************************************************
 ********************                                                                                ********************
 ********************               FIRST ORDER CONDITIONAL ESTIMATION WITH INTERACTION              ********************
 ********************                          CORRELATION MATRIX OF ESTIMATE                        ********************
 ********************                                                                                ********************
 ************************************************************************************************************************
 

            TH 1      TH 2      TH 3      TH 4      TH 5      TH 6      TH 7      TH 8      TH 9      TH10      TH11      TH12  
             TH13      OM11      OM12      OM13      OM14      OM22      OM23      OM24      OM33      OM34      OM44      SG11  
            SG12      SG22  
 
 TH 1
+        3.41E-02
 
 TH 2
+        5.17E-01  1.15E+02
 
 TH 3
+       ......... ......... .........
 
 TH 4
+       -3.22E-01  1.10E-01 .........  1.95E+00
 
 TH 5
+       -9.74E-02  6.92E-02 .........  4.12E-01  9.00E-01
 
 TH 6
+        2.59E-02 -5.04E-02 ......... -6.84E-02  2.84E-01  8.40E+01
 
 TH 7
+        4.58E-01  4.96E-01 ......... -6.00E-02  2.96E-01 -4.22E-01  5.51E-01
 
 TH 8
+        2.16E-01  3.29E-01 .........  1.21E-01  5.68E-01 -1.75E-01  6.99E-01  8.03E+01
 
 TH 9
+       ......... ......... ......... ......... ......... ......... ......... ......... .........
 
 TH10
+       -4.02E-01 -5.18E-01 .........  3.27E-01  1.47E-01 -3.73E-02 -2.10E-01  3.62E-02 .........  5.98E-02
 
 TH11
+       ......... ......... ......... ......... ......... ......... ......... ......... ......... ......... .........
 
 TH12
+       -4.58E-02  3.50E-01 .........  3.91E-01 -5.49E-02 -4.18E-01  1.48E-01  4.08E-03 ......... -8.68E-02 .........  4.86E-02
 
 TH13
+       -4.74E-01 -1.12E-01 .........  4.51E-01  4.88E-02 -2.60E-02 -4.30E-01 -1.78E-01 .........  1.53E-01 .........  6.02E-01
          2.76E-02
 
 OM11
+       ......... ......... ......... ......... ......... ......... ......... ......... ......... ......... ......... .........
         ......... .........
 
 OM12
+       ......... ......... ......... ......... ......... ......... ......... ......... ......... ......... ......... .........
         ......... ......... .........
 
 OM13
+       ......... ......... ......... ......... ......... ......... ......... ......... ......... ......... ......... .........
         ......... ......... ......... .........
 
 OM14
+       ......... ......... ......... ......... ......... ......... ......... ......... ......... ......... ......... .........
         ......... ......... ......... ......... .........
 
 OM22
+       ......... ......... ......... ......... ......... ......... ......... ......... ......... ......... ......... .........
         ......... ......... ......... ......... ......... .........
 
 OM23
+       ......... ......... ......... ......... ......... ......... ......... ......... ......... ......... ......... .........
         ......... ......... ......... ......... ......... ......... .........
 
1

            TH 1      TH 2      TH 3      TH 4      TH 5      TH 6      TH 7      TH 8      TH 9      TH10      TH11      TH12  
             TH13      OM11      OM12      OM13      OM14      OM22      OM23      OM24      OM33      OM34      OM44      SG11  
            SG12      SG22  
 
 OM24
+       ......... ......... ......... ......... ......... ......... ......... ......... ......... ......... ......... .........
         ......... ......... ......... ......... ......... ......... ......... .........
 
 OM33
+       ......... ......... ......... ......... ......... ......... ......... ......... ......... ......... ......... .........
         ......... ......... ......... ......... ......... ......... ......... ......... .........
 
 OM34
+       ......... ......... ......... ......... ......... ......... ......... ......... ......... ......... ......... .........
         ......... ......... ......... ......... ......... ......... ......... ......... ......... .........
 
 OM44
+       ......... ......... ......... ......... ......... ......... ......... ......... ......... ......... ......... .........
         ......... ......... ......... ......... ......... ......... ......... ......... ......... ......... .........
 
 SG11
+       ......... ......... ......... ......... ......... ......... ......... ......... ......... ......... ......... .........
         ......... ......... ......... ......... ......... ......... ......... ......... ......... ......... ......... .........
 
 SG12
+       ......... ......... ......... ......... ......... ......... ......... ......... ......... ......... ......... .........
         ......... ......... ......... ......... ......... ......... ......... ......... ......... ......... ......... .........
        .........
 
 SG22
+       ......... ......... ......... ......... ......... ......... ......... ......... ......... ......... ......... .........
         ......... ......... ......... ......... ......... ......... ......... ......... ......... ......... ......... .........
        ......... .........
 
1
 ************************************************************************************************************************
 ********************                                                                                ********************
 ********************               FIRST ORDER CONDITIONAL ESTIMATION WITH INTERACTION              ********************
 ********************                      INVERSE COVARIANCE MATRIX OF ESTIMATE                     ********************
 ********************                                                                                ********************
 ************************************************************************************************************************
 

            TH 1      TH 2      TH 3      TH 4      TH 5      TH 6      TH 7      TH 8      TH 9      TH10      TH11      TH12  
             TH13      OM11      OM12      OM13      OM14      OM22      OM23      OM24      OM33      OM34      OM44      SG11  
            SG12      SG22  
 
 TH 1
+        1.81E+03
 
 TH 2
+       -1.53E-01  2.38E-04
 
 TH 3
+       ......... ......... .........
 
 TH 4
+        4.15E+00 -5.17E-03 .........  6.25E-01
 
 TH 5
+        1.63E+01  9.86E-03 ......... -8.17E-01  4.22E+00
 
 TH 6
+       -2.11E-01 -1.18E-04 .........  4.51E-03 -2.63E-02  4.18E-04
 
 TH 7
+       -3.16E+01 -1.43E-02 .........  7.86E-01 -3.66E+00  4.51E-02  1.97E+01
 
 TH 8
+       -5.51E-02 -9.40E-05 .........  2.45E-03 -1.90E-02  8.63E-05 -4.52E-02  5.21E-04
 
 TH 9
+       ......... ......... ......... ......... ......... ......... ......... ......... .........
 
 TH10
+        4.92E+01  1.81E-01 ......... -7.41E+00  6.53E+00 -2.98E-02  4.53E+00 -1.39E-01 .........  5.32E+02
 
 TH11
+       ......... ......... ......... ......... ......... ......... ......... ......... ......... ......... .........
 
 TH12
+       -2.03E+02 -1.99E-01 ......... -3.83E+00  2.37E+00  2.34E-01 -6.29E+01  3.17E-01 ......... -6.26E+01 .........  1.65E+03
 
 TH13
+        7.15E+02  1.42E-01 ......... -3.74E+00 -1.44E+01 -5.50E-02  1.70E+02 -5.24E-01 .........  1.94E+02 ......... -2.18E+03
          5.36E+03
 
 OM11
+       ......... ......... ......... ......... ......... ......... ......... ......... ......... ......... ......... .........
         ......... .........
 
 OM12
+       ......... ......... ......... ......... ......... ......... ......... ......... ......... ......... ......... .........
         ......... ......... .........
 
 OM13
+       ......... ......... ......... ......... ......... ......... ......... ......... ......... ......... ......... .........
         ......... ......... ......... .........
 
 OM14
+       ......... ......... ......... ......... ......... ......... ......... ......... ......... ......... ......... .........
         ......... ......... ......... ......... .........
 
 OM22
+       ......... ......... ......... ......... ......... ......... ......... ......... ......... ......... ......... .........
         ......... ......... ......... ......... ......... .........
 
 OM23
+       ......... ......... ......... ......... ......... ......... ......... ......... ......... ......... ......... .........
         ......... ......... ......... ......... ......... ......... .........
 
1

            TH 1      TH 2      TH 3      TH 4      TH 5      TH 6      TH 7      TH 8      TH 9      TH10      TH11      TH12  
             TH13      OM11      OM12      OM13      OM14      OM22      OM23      OM24      OM33      OM34      OM44      SG11  
            SG12      SG22  
 
 OM24
+       ......... ......... ......... ......... ......... ......... ......... ......... ......... ......... ......... .........
         ......... ......... ......... ......... ......... ......... ......... .........
 
 OM33
+       ......... ......... ......... ......... ......... ......... ......... ......... ......... ......... ......... .........
         ......... ......... ......... ......... ......... ......... ......... ......... .........
 
 OM34
+       ......... ......... ......... ......... ......... ......... ......... ......... ......... ......... ......... .........
         ......... ......... ......... ......... ......... ......... ......... ......... ......... .........
 
 OM44
+       ......... ......... ......... ......... ......... ......... ......... ......... ......... ......... ......... .........
         ......... ......... ......... ......... ......... ......... ......... ......... ......... ......... .........
 
 SG11
+       ......... ......... ......... ......... ......... ......... ......... ......... ......... ......... ......... .........
         ......... ......... ......... ......... ......... ......... ......... ......... ......... ......... ......... .........
 
 SG12
+       ......... ......... ......... ......... ......... ......... ......... ......... ......... ......... ......... .........
         ......... ......... ......... ......... ......... ......... ......... ......... ......... ......... ......... .........
        .........
 
 SG22
+       ......... ......... ......... ......... ......... ......... ......... ......... ......... ......... ......... .........
         ......... ......... ......... ......... ......... ......... ......... ......... ......... ......... ......... .........
        ......... .........
 
1
 
 
 
 
 
 
 
 
 
 
 
 
 
 
 
 
 
 
 
 
 ************************************************************************************************************************
 ********************                                                                                ********************
 ********************               FIRST ORDER CONDITIONAL ESTIMATION WITH INTERACTION              ********************
 ********************                      EIGENVALUES OF COR MATRIX OF ESTIMATE                     ********************
 ********************                                                                                ********************
 ************************************************************************************************************************
 

             1         2         3         4         5         6         7         8         9        10
 
         9.22E-02  1.13E-01  2.42E-01  2.99E-01  4.53E-01  5.90E-01  1.26E+00  1.77E+00  2.28E+00  2.90E+00
 
 Elapsed finaloutput time in seconds:     0.82
 #CPUT: Total CPU Time in Seconds,      252.563
Stop Time: 
08.03.2023 
11:42
